
vvvvvvvvvvvvvvvvvvvvvvvvvvvvvvvvvvvvvvvvvvvvvvvvvvvvvvvvvvvvvvvvvvvvvvvvvvvvvvvv
tick: 0

7         
6      X  
5    X XX 
4    X X  
3    X    
2  X      
1X X      
+123456789
^^^^^^^^^^^^^^^^^^^^^^^^^^^^^^^^^^^^^^^^^^^^^^^^^^^^^^^^^^^^^^^^^^^^^^^^^^^^^^^^


vvvvvvvvvvvvvvvvvvvvvvvvvvvvvvvvvvvvvvvvvvvvvvvvvvvvvvvvvvvvvvvvvvvvvvvvvvvvvvvv
tick: 1

         
     XXX 
    * XX 
   XX XX 
   X*X   
 X*X     
*X*      
123456789
^^^^^^^^^^^^^^^^^^^^^^^^^^^^^^^^^^^^^^^^^^^^^^^^^^^^^^^^^^^^^^^^^^^^^^^^^^^^^^^^


vvvvvvvvvvvvvvvvvvvvvvvvvvvvvvvvvvvvvvvvvvvvvvvvvvvvvvvvvvvvvvvvvvvvvvvvvvvvvvvv
tick: 2

         
     X   
    X*X  
   X **X 
  XX *X  
  X XX   
* *X     
*X       
234567890
^^^^^^^^^^^^^^^^^^^^^^^^^^^^^^^^^^^^^^^^^^^^^^^^^^^^^^^^^^^^^^^^^^^^^^^^^^^^^^^^


vvvvvvvvvvvvvvvvvvvvvvvvvvvvvvvvvvvvvvvvvvvvvvvvvvvvvvvvvvvvvvvvvvvvvvvvvvvvvvvv
tick: 3

        
    X   
   XXX  
 XXXXXX 
 X* XX  
 X XX   
 XXX    
*       
^^^^^^^^^^^^^^^^^^^^^^^^^^^^^^^^^^^^^^^^^^^^^^^^^^^^^^^^^^^^^^^^^^^^^^^^^^^^^^^^


vvvvvvvvvvvvvvvvvvvvvvvvvvvvvvvvvvvvvvvvvvvvvvvvvvvvvvvvvvvvvvvvvvvvvvvvvvvvvvvv
tick: 4

         
    XXX  
    ***X 
  X****X 
 XX  **X 
 XX **X  
  X*XX   
   X     
234567890
^^^^^^^^^^^^^^^^^^^^^^^^^^^^^^^^^^^^^^^^^^^^^^^^^^^^^^^^^^^^^^^^^^^^^^^^^^^^^^^^


vvvvvvvvvvvvvvvvvvvvvvvvvvvvvvvvvvvvvvvvvvvvvvvvvvvvvvvvvvvvvvvvvvvvvvvvvvvvvvvv
tick: 5

          
     X    
    *XX   
     X X  
 XX   XXX 
 **X  XX  
 **  XX   
 XX XX    
   XX     
2345678901
^^^^^^^^^^^^^^^^^^^^^^^^^^^^^^^^^^^^^^^^^^^^^^^^^^^^^^^^^^^^^^^^^^^^^^^^^^^^^^^^


vvvvvvvvvvvvvvvvvvvvvvvvvvvvvvvvvvvvvvvvvvvvvvvvvvvvvvvvvvvvvvvvvvvvvvvvvvvvvvvv
tick: 6

         
    XX   
   XX*   
    X *X 
*X  X**X 
 X*  **X 
 XX **X  
*X **X   
 XXXX    
345678901
^^^^^^^^^^^^^^^^^^^^^^^^^^^^^^^^^^^^^^^^^^^^^^^^^^^^^^^^^^^^^^^^^^^^^^^^^^^^^^^^


vvvvvvvvvvvvvvvvvvvvvvvvvvvvvvvvvvvvvvvvvvvvvvvvvvvvvvvvvvvvvvvvvvvvvvvvvvvvvvvv
tick: 7

           
    XXX    
    X*     
     XX *  
  *  * XXX 
 XX    XX  
 XXX   X   
 X*  XX    
  XXXX     
234XX789012
           
^^^^^^^^^^^^^^^^^^^^^^^^^^^^^^^^^^^^^^^^^^^^^^^^^^^^^^^^^^^^^^^^^^^^^^^^^^^^^^^^


vvvvvvvvvvvvvvvvvvvvvvvvvvvvvvvvvvvvvvvvvvvvvvvvvvvvvvvvvvvvvvvvvvvvvvvvvvvvvvvv
tick: 8

            
      X     
     XX*    
     X      
      XXXX  
        **X 
  X*X  X**X 
 X**X   XX  
  X   XX    
   X***X    
123X**X89012
            
^^^^^^^^^^^^^^^^^^^^^^^^^^^^^^^^^^^^^^^^^^^^^^^^^^^^^^^^^^^^^^^^^^^^^^^^^^^^^^^^


vvvvvvvvvvvvvvvvvvvvvvvvvvvvvvvvvvvvvvvvvvvvvvvvvvvvvvvvvvvvvvvvvvvvvvvvvvvvvvvv
tick: 9

            
     XX     
     XX     
     X  X   
      XXXX  
      X   X 
  *X*  *X X 
 XX *XX XX  
  XX  XX    
  XX   X    
123*56*89012
^^^^^^^^^^^^^^^^^^^^^^^^^^^^^^^^^^^^^^^^^^^^^^^^^^^^^^^^^^^^^^^^^^^^^^^^^^^^^^^^


vvvvvvvvvvvvvvvvvvvvvvvvvvvvvvvvvvvvvvvvvvvvvvvvvvvvvvvvvvvvvvvvvvvvvvvvvvvvvvvv
tick: 10

            
     XX     
    X**X    
     X  XX  
     XX*XX  
      X   X 
  X* XX X X 
 X* XXX XX  
  **XX**    
  XX  XX    
123456789012
^^^^^^^^^^^^^^^^^^^^^^^^^^^^^^^^^^^^^^^^^^^^^^^^^^^^^^^^^^^^^^^^^^^^^^^^^^^^^^^^


vvvvvvvvvvvvvvvvvvvvvvvvvvvvvvvvvvvvvvvvvvvvvvvvvvvvvvvvvvvvvvvvvvvvvvvvvvvvvvvv
tick: 11

           
    XX     
   X  XX   
   XX  *X  
    XX X*X 
     * X X 
 * X** X X 
* X*** XX  
 X **  X   
 *XXXX*    
23456789012
^^^^^^^^^^^^^^^^^^^^^^^^^^^^^^^^^^^^^^^^^^^^^^^^^^^^^^^^^^^^^^^^^^^^^^^^^^^^^^^^


vvvvvvvvvvvvvvvvvvvvvvvvvvvvvvvvvvvvvvvvvvvvvvvvvvvvvvvvvvvvvvvvvvvvvvvvvvvvvvvv
tick: 12

            
    XXX     
   X  XX    
   X*   X   
   XXXXX X  
    X  X XX 
   *  XX X  
  X   XX*   
 X  X XXX   
  XXX*      
234XX7890123
            
^^^^^^^^^^^^^^^^^^^^^^^^^^^^^^^^^^^^^^^^^^^^^^^^^^^^^^^^^^^^^^^^^^^^^^^^^^^^^^^^


vvvvvvvvvvvvvvvvvvvvvvvvvvvvvvvvvvvvvvvvvvvvvvvvvvvvvvvvvvvvvvvvvvvvvvvvvvvvvvvv
tick: 13

            
     X      
    XXXX    
   X  XX    
  XX    X   
   X*XXX XX 
   XX  * XX 
     X** XX 
  *   **    
 X  X X*X   
  X**  X    
23X*X7890123
            
^^^^^^^^^^^^^^^^^^^^^^^^^^^^^^^^^^^^^^^^^^^^^^^^^^^^^^^^^^^^^^^^^^^^^^^^^^^^^^^^


vvvvvvvvvvvvvvvvvvvvvvvvvvvvvvvvvvvvvvvvvvvvvvvvvvvvvvvvvvvvvvvvvvvvvvvvvvvvvvvv
tick: 14

             
    XX       
    X**X     
  XX  **X    
  XX X  XX   
   * XXX *X  
   X*    **X 
    X*   XX  
     X   X   
 *  * *X*    
 XX  X X     
23*X*78901234
             
^^^^^^^^^^^^^^^^^^^^^^^^^^^^^^^^^^^^^^^^^^^^^^^^^^^^^^^^^^^^^^^^^^^^^^^^^^^^^^^^


vvvvvvvvvvvvvvvvvvvvvvvvvvvvvvvvvvvvvvvvvvvvvvvvvvvvvvvvvvvvvvvvvvvvvvvvvvvvvvvv
tick: 15

            
   XX       
   XX *     
 X*   XXX   
 XX X  XX   
 XX XXXXXX  
  *XXX  X X 
   X    XX  
    *  XXX  
      *X    
*X  *X*     
3X*678901234
            
^^^^^^^^^^^^^^^^^^^^^^^^^^^^^^^^^^^^^^^^^^^^^^^^^^^^^^^^^^^^^^^^^^^^^^^^^^^^^^^^


vvvvvvvvvvvvvvvvvvvvvvvvvvvvvvvvvvvvvvvvvvvvvvvvvvvvvvvvvvvvvvvvvvvvvvvvvvvvvvvv
tick: 16

             
    XX       
   XXXX X    
  X  XXX*X   
 X** X  **   
  X* ******  
    ***  * X 
    X    **X 
        X*X  
       XX    
  *   *      
^^^^^^^^^^^^^^^^^^^^^^^^^^^^^^^^^^^^^^^^^^^^^^^^^^^^^^^^^^^^^^^^^^^^^^^^^^^^^^^^


vvvvvvvvvvvvvvvvvvvvvvvvvvvvvvvvvvvvvvvvvvvvvvvvvvvvvvvvvvvvvvvvvvvvvvvvvvvvvvvv
tick: 17

             
   X**X      
   X*** X    
  XX **XX*   
 XX  X       
  *          
           * 
    *     XX 
       XXX*  
       XXX   
             
^^^^^^^^^^^^^^^^^^^^^^^^^^^^^^^^^^^^^^^^^^^^^^^^^^^^^^^^^^^^^^^^^^^^^^^^^^^^^^^^


vvvvvvvvvvvvvvvvvvvvvvvvvvvvvvvvvvvvvvvvvvvvvvvvvvvvvvvvvvvvvvvvvvvvvvvvvvvvvvvv
tick: 18

   *  *     
   XX   X   
 X*XX  XX   
 XXX *      
            
            
        XXX*
       X**  
       X*X  
        X   
234567890123
^^^^^^^^^^^^^^^^^^^^^^^^^^^^^^^^^^^^^^^^^^^^^^^^^^^^^^^^^^^^^^^^^^^^^^^^^^^^^^^^


vvvvvvvvvvvvvvvvvvvvvvvvvvvvvvvvvvvvvvvvvvvvvvvvvvvvvvvvvvvvvvvvvvvvvvvvvvvvvvvv
tick: 19

            
  XXX  XX   
 X **  XX   
 X*XX       
  X         
         X  
        XX* 
       X  X 
       X *  
        X   
234567890123
^^^^^^^^^^^^^^^^^^^^^^^^^^^^^^^^^^^^^^^^^^^^^^^^^^^^^^^^^^^^^^^^^^^^^^^^^^^^^^^^


vvvvvvvvvvvvvvvvvvvvvvvvvvvvvvvvvvvvvvvvvvvvvvvvvvvvvvvvvvvvvvvvvvvvvvvvvvvvvvvv
tick: 20

            
   X        
  XX*  XX   
 X     XX   
 X X*       
  XX        
        XX  
        XXX 
       X X* 
       XX   
        *   
^^^^^^^^^^^^^^^^^^^^^^^^^^^^^^^^^^^^^^^^^^^^^^^^^^^^^^^^^^^^^^^^^^^^^^^^^^^^^^^^


vvvvvvvvvvvvvvvvvvvvvvvvvvvvvvvvvvvvvvvvvvvvvvvvvvvvvvvvvvvvvvvvvvvvvvvvvvvvvvvv
tick: 21

            
  XX        
  XX   XX   
 X X   XX   
 X X        
  XX        
        X*X 
       X**X 
       X *X 
       XX   
            
^^^^^^^^^^^^^^^^^^^^^^^^^^^^^^^^^^^^^^^^^^^^^^^^^^^^^^^^^^^^^^^^^^^^^^^^^^^^^^^^


vvvvvvvvvvvvvvvvvvvvvvvvvvvvvvvvvvvvvvvvvvvvvvvvvvvvvvvvvvvvvvvvvvvvvvvvvvvvvvvv
tick: 22

             
  XX         
 X**X  XX    
 X XX  XX    
 X XX        
  XX         
        *X*  
       XX XX 
      XX X*  
       XX    
             
^^^^^^^^^^^^^^^^^^^^^^^^^^^^^^^^^^^^^^^^^^^^^^^^^^^^^^^^^^^^^^^^^^^^^^^^^^^^^^^^


vvvvvvvvvvvvvvvvvvvvvvvvvvvvvvvvvvvvvvvvvvvvvvvvvvvvvvvvvvvvvvvvvvvvvvvvvvvvvvvv
tick: 23

             
   XX        
  X  X  XX   
 XX **X XX   
  X **       
   XXX       
         XXX 
       XX* X*
       X* XX 
       XXX   
             
^^^^^^^^^^^^^^^^^^^^^^^^^^^^^^^^^^^^^^^^^^^^^^^^^^^^^^^^^^^^^^^^^^^^^^^^^^^^^^^^


vvvvvvvvvvvvvvvvvvvvvvvvvvvvvvvvvvvvvvvvvvvvvvvvvvvvvvvvvvvvvvvvvvvvvvvvvvvvvvvv
tick: 24

              
   XX         
 XX XX XXX    
 XXX  *XXX    
 XX XX        
   XX*    X   
    X   XXXX  
       XX  *X 
      X*  XX  
       XXXX   
        X     
12345678901234
^^^^^^^^^^^^^^^^^^^^^^^^^^^^^^^^^^^^^^^^^^^^^^^^^^^^^^^^^^^^^^^^^^^^^^^^^^^^^^^^


vvvvvvvvvvvvvvvvvvvvvvvvvvvvvvvvvvvvvvvvvvvvvvvvvvvvvvvvvvvvvvvvvvvvvvvvvvvvvvvv
tick: 25

1              
0  XXXX  X     
9 X* *XXX*X    
8X***   X*X    
7 X* *X  XX    
6  X**     XX  
5   XX  XX*XX  
4       XX   X 
3      X   XX  
2       XX*XX  
1       XX     
+12345678901234
^^^^^^^^^^^^^^^^^^^^^^^^^^^^^^^^^^^^^^^^^^^^^^^^^^^^^^^^^^^^^^^^^^^^^^^^^^^^^^^^


vvvvvvvvvvvvvvvvvvvvvvvvvvvvvvvvvvvvvvvvvvvvvvvvvvvvvvvvvvvvvvvvvvvvvvvvvvvvvvvv
tick: 26

2              
1   XX         
0  XXXX XX     
9 XXX X*X X    
8XX   X X XX   
7 X   *  XX    
6  XXX  X  *X  
5   X*  XX X*X 
4      X*X   X 
3      X   X*X 
2      X*X XX  
1       XXX    
+12345678901234
^^^^^^^^^^^^^^^^^^^^^^^^^^^^^^^^^^^^^^^^^^^^^^^^^^^^^^^^^^^^^^^^^^^^^^^^^^^^^^^^


vvvvvvvvvvvvvvvvvvvvvvvvvvvvvvvvvvvvvvvvvvvvvvvvvvvvvvvvvvvvvvvvvvvvvvvvvvvvvvvv
tick: 27

2               
1  X**X         
0 X***X XX      
9X*** X X XX    
8X*  X* X *X    
7XX XX XX*X     
6  XXX  X  XX   
5  XXX X*XX* X  
4      X X   XX 
3     XX   X X  
2      X X XX   
1       XXXX    
+12345678X012345
9               
^^^^^^^^^^^^^^^^^^^^^^^^^^^^^^^^^^^^^^^^^^^^^^^^^^^^^^^^^^^^^^^^^^^^^^^^^^^^^^^^


vvvvvvvvvvvvvvvvvvvvvvvvvvvvvvvvvvvvvvvvvvvvvvvvvvvvvvvvvvvvvvvvvvvvvvvvvvvvvvvv
tick: 28

 2               
 1  *  *X        
 0 X  XX XXX     
 9XX  XX X XX    
 XX  XX  X  X    
 7XX ** XX X X   
 6  ***  *  XX   
 5  X*X X XXX XX 
 4   XX X X   XX 
 3     XX   X XX 
 2     XX X **   
 1       ***XX   
9+1234567XX012345
 9               
^^^^^^^^^^^^^^^^^^^^^^^^^^^^^^^^^^^^^^^^^^^^^^^^^^^^^^^^^^^^^^^^^^^^^^^^^^^^^^^^


vvvvvvvvvvvvvvvvvvvvvvvvvvvvvvvvvvvvvvvvvvvvvvvvvvvvvvvvvvvvvvvvvvvvvvvvvvvvvvvv
tick: 29

 2                
 1     XXXX       
 0XX  X* X*XX     
 X*XX ** X *X     
 X* XXX  X  *X    
 XXX    XXXX X    
 6 X   XX   **    
 5  * X * X*X *X  
 4   XX X X X **X 
 3     **  X*XXX  
 2     XXX*XX X   
 1      X XX**    
9+1234567**0123456
^^^^^^^^^^^^^^^^^^^^^^^^^^^^^^^^^^^^^^^^^^^^^^^^^^^^^^^^^^^^^^^^^^^^^^^^^^^^^^^^


vvvvvvvvvvvvvvvvvvvvvvvvvvvvvvvvvvvvvvvvvvvvvvvvvvvvvvvvvvvvvvvvvvvvvvvvvvvvvvvv
tick: 30

  3                
  2      XX        
  1     XXXXX      
  0XXX *X * XX     
  X ** X XX XXX    
 XX  *X*  * X X    
  X*X XX **X*X*    
  6 X   XX   X     
  5   XX X * *  *  
  4   XXX*XX X   X 
  3    X    * *XX  
  2     XXX ** XX  
  1     XX XXX     
89+1234567890123456
^^^^^^^^^^^^^^^^^^^^^^^^^^^^^^^^^^^^^^^^^^^^^^^^^^^^^^^^^^^^^^^^^^^^^^^^^^^^^^^^


vvvvvvvvvvvvvvvvvvvvvvvvvvvvvvvvvvvvvvvvvvvvvvvvvvvvvvvvvvvvvvvvvvvvvvvvvvvvvvvv
tick: 31

  3                
  2     X**        
  1 X   X***XX     
  0XX* X*   **X    
 XX XXXXXX* **X    
 XX  XX X X * X    
 XX * XXX  * XX    
  6X*   *XX X*     
  5  XX* *  X      
  4   ***XX* *  X* 
  3   X*   X  XX*X 
  2    X**XXX XXX  
  1     X* XX*     
89+123456789X123456
  9                
^^^^^^^^^^^^^^^^^^^^^^^^^^^^^^^^^^^^^^^^^^^^^^^^^^^^^^^^^^^^^^^^^^^^^^^^^^^^^^^^


vvvvvvvvvvvvvvvvvvvvvvvvvvvvvvvvvvvvvvvvvvvvvvvvvvvvvvvvvvvvvvvvvvvvvvvvvvvvvvvv
tick: 32

   2     *          
   1XX  XX   *X     
   X**  * X    X    
  X* *****X   XXX   
 X** X** * *   XX   
  X*X XX*X XX XX    
   X* X  XX*XX      
   5  **     *      
   4  XX  *XX   XX  
   3   *  X *XXX* X 
   2    X  X** X*X  
   1     * X**  X   
789+12345678XX123456
   9                
^^^^^^^^^^^^^^^^^^^^^^^^^^^^^^^^^^^^^^^^^^^^^^^^^^^^^^^^^^^^^^^^^^^^^^^^^^^^^^^^


vvvvvvvvvvvvvvvvvvvvvvvvvvvvvvvvvvvvvvvvvvvvvvvvvvvvvvvvvvvvvvvvvvvvvvvvvvvvvvvv
tick: 33

   2                
   1X*  *X    *     
   XX     X    *X   
  X9      *   X**   
 XXX XX   XX X **   
  XXX XXXX XX XXX   
   X XXXXXX XXX     
   5  XX  X  X      
   4  **   XXXXXXX  
   3   X  X  XXX  X 
   2    * XXX  X X  
   1       X    X   
789+12345678X*123456
   9                
^^^^^^^^^^^^^^^^^^^^^^^^^^^^^^^^^^^^^^^^^^^^^^^^^^^^^^^^^^^^^^^^^^^^^^^^^^^^^^^^


vvvvvvvvvvvvvvvvvvvvvvvvvvvvvvvvvvvvvvvvvvvvvvvvvvvvvvvvvvvvvvvvvvvvvvvvvvvvvvvv
tick: 34

   2                
   XX    *          
   XX     *     *   
 X*9 X    XX  *     
 X** XX XXXX X      
 X*** **** ** *X*   
  XX ****** ***     
   5 X**  X  *  X   
   4  XX  XX****XX  
   3   *  X  ***  X 
   2      X*XX X X  
   1      X*    X   
789+12345678*0123456
^^^^^^^^^^^^^^^^^^^^^^^^^^^^^^^^^^^^^^^^^^^^^^^^^^^^^^^^^^^^^^^^^^^^^^^^^^^^^^^^


vvvvvvvvvvvvvvvvvvvvvvvvvvvvvvvvvvvvvvvvvvvvvvvvvvvvvvvvvvvvvvvvvvvvvvvvvvvvvvvv
tick: 35

    2                
    XX               
   XX*X              
  *X9 XX   *XX       
 XXX8 XX *X*XX*      
  X 7     XX    *    
   X*                
    5 *X   XX    XX  
    4  X* XXX    XX  
    3     XX X     X 
    2     XX ** *XX  
    1      *X    X   
6789+1234567890123456
^^^^^^^^^^^^^^^^^^^^^^^^^^^^^^^^^^^^^^^^^^^^^^^^^^^^^^^^^^^^^^^^^^^^^^^^^^^^^^^^


vvvvvvvvvvvvvvvvvvvvvvvvvvvvvvvvvvvvvvvvvvvvvvvvvvvvvvvvvvvvvvvvvvvvvvvvvvvvvvvv
tick: 36

    2                
   XXX               
   X* XX             
   *9 **   XXX       
 X*X8 XX  X *X       
 X* 7     XXX        
   *6     X X        
    5  *  X*X    XX  
    4  *  ***X   X*X 
    3    X** *     X 
    2     X*     XX  
    1      X*    XX  
6789+1234567890123456
^^^^^^^^^^^^^^^^^^^^^^^^^^^^^^^^^^^^^^^^^^^^^^^^^^^^^^^^^^^^^^^^^^^^^^^^^^^^^^^^


vvvvvvvvvvvvvvvvvvvvvvvvvvvvvvvvvvvvvvvvvvvvvvvvvvvvvvvvvvvvvvvvvvvvvvvvvvvvvvvv
tick: 37

   3                
   X                
  XXXX              
  X0XX*    X        
 X 9      XXX       
*X*8 **  X  X       
*X 7    XX*XX       
   6    XX XX       
   5     * XX   XX  
   4        *   X X 
   3    *       X X 
   2     X      X*X 
   1      *     XX  
789+1234567890123456
^^^^^^^^^^^^^^^^^^^^^^^^^^^^^^^^^^^^^^^^^^^^^^^^^^^^^^^^^^^^^^^^^^^^^^^^^^^^^^^^


vvvvvvvvvvvvvvvvvvvvvvvvvvvvvvvvvvvvvvvvvvvvvvvvvvvvvvvvvvvvvvvvvvvvvvvvvvvvvvvv
tick: 38

    3                 
   XX                 
   X**X               
  XX0*X    XXX        
  XX9      X*X        
 XXX8    XX  *X       
  * 7    ** **X       
    6    XX **X       
    5      XXX   XX   
    4           XX X  
    3           XX XX 
    2     *     XX X  
    1            XX   
6789+12345678901234567
^^^^^^^^^^^^^^^^^^^^^^^^^^^^^^^^^^^^^^^^^^^^^^^^^^^^^^^^^^^^^^^^^^^^^^^^^^^^^^^^


vvvvvvvvvvvvvvvvvvvvvvvvvvvvvvvvvvvvvvvvvvvvvvvvvvvvvvvvvvvvvvvvvvvvvvvvvvvvvvvv
tick: 39

    3                 
   XX                 
   *1X*     X         
  **X *    X*X        
  **X      X XX       
 X*X8    *X  XX       
  X 7        XXX      
    6    *XXX X       
    5     XXXX  XXX   
    4       X   ** XX 
    3          X** XX 
    2           ** XX 
    1           XXX   
6789+12345678901234567
^^^^^^^^^^^^^^^^^^^^^^^^^^^^^^^^^^^^^^^^^^^^^^^^^^^^^^^^^^^^^^^^^^^^^^^^^^^^^^^^


vvvvvvvvvvvvvvvvvvvvvvvvvvvvvvvvvvvvvvvvvvvvvvvvvvvvvvvvvvvvvvvvvvvvvvvvvvvvvvvv
tick: 40

   3                  
  *X                  
  X1X      X          
   XX     X XX        
  XX     XX **        
*XX8     *  **        
 X 7     X  **X       
   6     X** * XX     
   5     X***  *XXX   
   4       XX  XX *X  
   3          *  X**X 
   2           XX *X  
   1           *XXX   
789+123456789012X45678
   9                  
^^^^^^^^^^^^^^^^^^^^^^^^^^^^^^^^^^^^^^^^^^^^^^^^^^^^^^^^^^^^^^^^^^^^^^^^^^^^^^^^


vvvvvvvvvvvvvvvvvvvvvvvvvvvvvvvvvvvvvvvvvvvvvvvvvvvvvvvvvvvvvvvvvvvvvvvvvvvvvvvv
tick: 41

   3                  
   X                  
  X1X      XX         
   *X    XX X*        
 X**X    XXX          
 X*X     XX           
 XX7     *    *X      
   6    XXX    XX     
   5     *X     **X   
   4       **  X*  X  
   3             XXXX 
   2           X*  X  
   1            **X   
789+123456789012X45678
   9                  
^^^^^^^^^^^^^^^^^^^^^^^^^^^^^^^^^^^^^^^^^^^^^^^^^^^^^^^^^^^^^^^^^^^^^^^^^^^^^^^^


vvvvvvvvvvvvvvvvvvvvvvvvvvvvvvvvvvvvvvvvvvvvvvvvvvvvvvvvvvvvvvvvvvvvvvvvvvvvvvvv
tick: 42

    3                  
    X                  
   *1X     XXX         
    0XX   X* X         
  *XXX   X***          
 XX X     X*X          
  XX7    X      XX     
    6    *XX    XX     
    5      X    XX *   
    4           * X *X 
    3            X***X 
    2           * X *X 
    1              *   
^^^^^^^^^^^^^^^^^^^^^^^^^^^^^^^^^^^^^^^^^^^^^^^^^^^^^^^^^^^^^^^^^^^^^^^^^^^^^^^^


vvvvvvvvvvvvvvvvvvvvvvvvvvvvvvvvvvvvvvvvvvvvvvvvvvvvvvvvvvvvvvvvvvvvvvvvvvvvvvvv
tick: 43

    3                   
    *       X           
    XXX    XXX          
    0*X   XX X          
  XX**X  XXX            
 X* *X   XX *           
 XXX7    X      XX      
    6     XX   X**X     
    5     XX    X*X     
    4           X X  *  
    3            XX XXX 
    2             *  *  
^^^^^^^^^^^^^^^^^^^^^^^^^^^^^^^^^^^^^^^^^^^^^^^^^^^^^^^^^^^^^^^^^^^^^^^^^^^^^^^^


vvvvvvvvvvvvvvvvvvvvvvvvvvvvvvvvvvvvvvvvvvvvvvvvvvvvvvvvvvvvvvvvvvvvvvvvvvvvvvvv
tick: 44

    3                  
    2X     XXX         
    *XX   X**X         
   XX XX X** X         
  X*9XX  ***X          
 X  X*  X**X           
 XX*7    X X    XX     
  X 6    X*X   X  X    
    5     XX   XX XX   
    4           X X  X 
    3            XXX*X*
    2                X 
    1                  
^^^^^^^^^^^^^^^^^^^^^^^^^^^^^^^^^^^^^^^^^^^^^^^^^^^^^^^^^^^^^^^^^^^^^^^^^^^^^^^^


vvvvvvvvvvvvvvvvvvvvvvvvvvvvvvvvvvvvvvvvvvvvvvvvvvvvvvvvvvvvvvvvvvvvvvvvvvvvvvvv
tick: 45

    4                   
    3       X           
    2XX    XXX          
    1**X  XX XX         
   XX *X *  XX          
  X 9*X X   X           
 X X*X  * XXX           
 XXX7   XX XX   XX      
 XX 6    X XX  X  XX    
    5     XX   XX XX    
    4          XX *  *  
    3            XXX XX 
    2             X X*  
    1                   
^^^^^^^^^^^^^^^^^^^^^^^^^^^^^^^^^^^^^^^^^^^^^^^^^^^^^^^^^^^^^^^^^^^^^^^^^^^^^^^^


vvvvvvvvvvvvvvvvvvvvvvvvvvvvvvvvvvvvvvvvvvvvvvvvvvvvvvvvvvvvvvvvvvvvvvvvvvvvvvvv
tick: 46

     4                  
     3      XXX         
     2*X   X***X        
     XX X  X* *X        
    X* XXX   **X        
   X 9XXX*   *          
  X XX* XX X**X         
 X**XX   XX **X  XXX    
  X*X6   XX **  X  *X   
     5     XXX X** XX   
     4          X*   X  
     3           XXXXXX*
     2            XX XX 
     1                  
^^^^^^^^^^^^^^^^^^^^^^^^^^^^^^^^^^^^^^^^^^^^^^^^^^^^^^^^^^^^^^^^^^^^^^^^^^^^^^^^


vvvvvvvvvvvvvvvvvvvvvvvvvvvvvvvvvvvvvvvvvvvvvvvvvvvvvvvvvvvvvvvvvvvvvvvvvvvvvvvv
tick: 47

     5                  
     4       X          
     3      XXX         
     2XX   X X X        
     XX *XX*  XXX       
    X0 **X     *        
   X 9X** X             
  X **  ** *  *   X     
 XX **   **X  *X XXX    
  *XXX   X* XXXXXX  X   
     5    XXX* XX  XXX  
     4      X   XX   *X 
     3           X***** 
     2           X** *X 
     1                  
^^^^^^^^^^^^^^^^^^^^^^^^^^^^^^^^^^^^^^^^^^^^^^^^^^^^^^^^^^^^^^^^^^^^^^^^^^^^^^^^


vvvvvvvvvvvvvvvvvvvvvvvvvvvvvvvvvvvvvvvvvvvvvvvvvvvvvvvvvvvvvvvvvvvvvvvvvvvvvvvv
tick: 48

     5                 
     4      XXX        
     3      ***        
     XXX  XX * *X      
     XXXXXX   XXX      
    X0X  X     X       
   X 9*   *            
 XXX 8           XXX   
 XX X7     *XX X **X   
  XXX*   *  *X****  *X 
    X5    X**  ** XXXX 
     4      X  X*XX XX*
     3           XX    
     2           *    *
^^^^^^^^^^^^^^^^^^^^^^^^^^^^^^^^^^^^^^^^^^^^^^^^^^^^^^^^^^^^^^^^^^^^^^^^^^^^^^^^


vvvvvvvvvvvvvvvvvvvvvvvvvvvvvvvvvvvvvvvvvvvvvvvvvvvvvvvvvvvvvvvvvvvvvvvvvvvvvvvv
tick: 49

     6                  
     5       X          
     4      *X*         
     3X    XXX          
     X**  XX    X       
    X******X  X*X       
    X0X  XX   XXX       
   XX9            X     
 X**X8           *XX    
 ** X7      XXX*   XX   
 XX*XX      XXX   X  X  
    X5    *      XX***X 
     4      *  *X** *X  
     3          XXXX    
     2                  
^^^^^^^^^^^^^^^^^^^^^^^^^^^^^^^^^^^^^^^^^^^^^^^^^^^^^^^^^^^^^^^^^^^^^^^^^^^^^^^^


vvvvvvvvvvvvvvvvvvvvvvvvvvvvvvvvvvvvvvvvvvvvvvvvvvvvvvvvvvvvvvvvvvvvvvvvvvvvvvvv
tick: 50

     5       *          
     4       XX         
     3*   XX*X          
     X    X* X X*       
    X1   X X  X XX      
    X0*  *X   X*XX      
   XX9         X XXX    
 *  XX       X    X*X   
 XX X7      X*X    *X   
 ** XX      X*X  XX XX  
   XXX       X   XX  XX 
     4          X  X *  
     3          XXX*    
     2           XX     
     1                  
^^^^^^^^^^^^^^^^^^^^^^^^^^^^^^^^^^^^^^^^^^^^^^^^^^^^^^^^^^^^^^^^^^^^^^^^^^^^^^^^


vvvvvvvvvvvvvvvvvvvvvvvvvvvvvvvvvvvvvvvvvvvvvvvvvvvvvvvvvvvvvvvvvvvvvvvvvvvvvvvv
tick: 51

    5                  
    4      XXX         
    3    XX X          
    *   X*  X XX       
   XX   X X XX *X      
   XX    X   X **      
  X*9        XX **X    
 X *X       XX  XX X   
** *7      X X  XX X   
 X **      X X  XX X*X 
  X*X       X  X**  XX 
   X4          X  X    
    3          X**X    
    2          X*X     
    1                  
^^^^^^^^^^^^^^^^^^^^^^^^^^^^^^^^^^^^^^^^^^^^^^^^^^^^^^^^^^^^^^^^^^^^^^^^^^^^^^^^


vvvvvvvvvvvvvvvvvvvvvvvvvvvvvvvvvvvvvvvvvvvvvvvvvvvvvvvvvvvvvvvvvvvvvvvvvvvvvvvv
tick: 52

   6                  
   5       X          
   4     XXXX         
   3    XX * X        
   2   X X X XX       
  XX   X *XX* X*      
 X*X    X   *         
 X X        *X  XX    
*  *       ** XX* X   
   7      X XXX** X   
*  6      X XXX*X X X 
 XX*       X XX XXXXX 
  X4         XXX *X   
   3         XX XX    
   2          *X*     
   1                  
^^^^^^^^^^^^^^^^^^^^^^^^^^^^^^^^^^^^^^^^^^^^^^^^^^^^^^^^^^^^^^^^^^^^^^^^^^^^^^^^


vvvvvvvvvvvvvvvvvvvvvvvvvvvvvvvvvvvvvvvvvvvvvvvvvvvvvvvvvvvvvvvvvvvvvvvvvvvvvvvv
tick: 53

   6                  
   5       XX         
   4    XX*XX         
   3    **   XX       
   2   X X X XX       
  XX   X XXXXXX       
 X XX   *             
 * *         *XXXX    
   8        X *XX X   
   7      * X**   X   
   6      X *** X * X 
 XX5       X ** X***X 
 XX4         ***  *   
   3         X* XX    
   2          XXX     
   1                  
^^^^^^^^^^^^^^^^^^^^^^^^^^^^^^^^^^^^^^^^^^^^^^^^^^^^^^^^^^^^^^^^^^^^^^^^^^^^^^^^


vvvvvvvvvvvvvvvvvvvvvvvvvvvvvvvvvvvvvvvvvvvvvvvvvvvvvvvvvvvvvvvvvvvvvvvvvvvvvvvv
tick: 54

   6                 
   5      XXX        
   4    **XX*        
   3     X X *X      
   2   * X X **X     
  XXX  * X*X**X      
 * XX     XXX   X    
   9          X**X   
   8        *XX** X  
   7       X*  XX *X 
   6      *X    *X X*
 XX5       *    *   *
 XX4            XX   
   3         *X XX   
   2          XXXX   
   1           X     
789+12345678901234567
^^^^^^^^^^^^^^^^^^^^^^^^^^^^^^^^^^^^^^^^^^^^^^^^^^^^^^^^^^^^^^^^^^^^^^^^^^^^^^^^


vvvvvvvvvvvvvvvvvvvvvvvvvvvvvvvvvvvvvvvvvvvvvvvvvvvvvvvvvvvvvvvvvvvvvvvvvvvvvvvv
tick: 55

   7                 
   6       X         
   5      X*X        
   4     X**         
   3     X XX *      
   X    XX XX XX     
  X*X    X *  *X     
  X*X     XXXX X*    
   9       XX XX X   
   8         XX XXX  
   7       *X XXXX X 
   6       *    X*X* 
 XX5            XXX  
 XX4           XXX   
   3          X **X  
   2          X**X   
   1          XX     
789+12345678901234567
^^^^^^^^^^^^^^^^^^^^^^^^^^^^^^^^^^^^^^^^^^^^^^^^^^^^^^^^^^^^^^^^^^^^^^^^^^^^^^^^


vvvvvvvvvvvvvvvvvvvvvvvvvvvvvvvvvvvvvvvvvvvvvvvvvvvvvvvvvvvvvvvvvvvvvvvvvvvvvvvv
tick: 56

   7                 
   6       X         
   5      XX*        
   4     X  X        
   3     X XXX       
   X    XX XXXXX     
  X1X   XX     XX    
  *0*     X**X X     
   9      X** ** XX  
   8       X ** ***  
   7        * X*** X 
   6            * *X 
 XX5            **X  
 XX4           X**   
   3          X   X  
   2         XX  *   
   1          XX     
789+12345678901234567
^^^^^^^^^^^^^^^^^^^^^^^^^^^^^^^^^^^^^^^^^^^^^^^^^^^^^^^^^^^^^^^^^^^^^^^^^^^^^^^^


vvvvvvvvvvvvvvvvvvvvvvvvvvvvvvvvvvvvvvvvvvvvvvvvvvvvvvvvvvvvvvvvvvvvvvvvvvvvvvvv
tick: 57

   7                 
   6      XX         
   5      XXX        
   4     X  *X       
   3     X ***       
   X    ** X***XX    
  *X*   X* X   *X    
   0      X  *XX X   
   9      XX     **  
   8       *      X  
   7          *    * 
   6              XX 
 XX5              *  
 XX4           *     
   3         XXX  *  
   2         X*      
   1         XXX     
789+12345678901234567
^^^^^^^^^^^^^^^^^^^^^^^^^^^^^^^^^^^^^^^^^^^^^^^^^^^^^^^^^^^^^^^^^^^^^^^^^^^^^^^^


vvvvvvvvvvvvvvvvvvvvvvvvvvvvvvvvvvvvvvvvvvvvvvvvvvvvvvvvvvvvvvvvvvvvvvvvvvvvvvvv
tick: 58

   7                 
   6      X*X        
   5     X**X        
   4     X XX*       
   3     *X          
   *      X*   XX    
   *    * XX  X *X   
   0     XX   *XX*   
   9      XX         
   8              *  
   7              XX 
   6              ** 
 XX5                 
 XX4          X      
   3         XX*     
   2        X*       
   1         XX*     
789+1234567890X234567
   9                 
^^^^^^^^^^^^^^^^^^^^^^^^^^^^^^^^^^^^^^^^^^^^^^^^^^^^^^^^^^^^^^^^^^^^^^^^^^^^^^^^


vvvvvvvvvvvvvvvvvvvvvvvvvvvvvvvvvvvvvvvvvvvvvvvvvvvvvvvvvvvvvvvvvvvvvvvvvvvvvvvv
tick: 59

   7               
   6      *X*      
   5     X  XX     
   4     X XX      
   3     XX        
   2     XX    XX  
   1      *X  X  X 
   0     X*    XX  
   9     XXX       
   8               
   7              *
   6               
 XX5               
 XX4         XX    
   3         XX    
   2        X      
   1         XX    
789+123456789XX2345
   9               
^^^^^^^^^^^^^^^^^^^^^^^^^^^^^^^^^^^^^^^^^^^^^^^^^^^^^^^^^^^^^^^^^^^^^^^^^^^^^^^^


vvvvvvvvvvvvvvvvvvvvvvvvvvvvvvvvvvvvvvvvvvvvvvvvvvvvvvvvvvvvvvvvvvvvvvvvvvvvvvvv
tick: 60

   7               
   6       *X      
   5     *  *X     
   4    XX XXX     
   3    X**        
   2     X*X   XX  
   1     X *  X  X 
   0     X X   XX  
   9     XX*       
   8      X        
   7               
   6               
 XX5               
 XX4         XX    
   3        X*X    
   2        X      
   1        X*X    
789+123456789XX2345
   9               
^^^^^^^^^^^^^^^^^^^^^^^^^^^^^^^^^^^^^^^^^^^^^^^^^^^^^^^^^^^^^^^^^^^^^^^^^^^^^^^^


vvvvvvvvvvvvvvvvvvvvvvvvvvvvvvvvvvvvvvvvvvvvvvvvvvvvvvvvvvvvvvvvvvvvvvvvvvvvvvvv
tick: 61

   6        *      
   5       X X     
   4    XX *XX     
   3    X  X       
   2    XXX*   XX  
   1    XX    X  X 
   0    XX *   XX  
   9     X*X       
   8     XX        
   7               
   6               
 XX5               
 XX4         XX    
   3        X X    
   2       XX      
   1        X X    
789+123456789XX2345
   9               
^^^^^^^^^^^^^^^^^^^^^^^^^^^^^^^^^^^^^^^^^^^^^^^^^^^^^^^^^^^^^^^^^^^^^^^^^^^^^^^^


vvvvvvvvvvvvvvvvvvvvvvvvvvvvvvvvvvvvvvvvvvvvvvvvvvvvvvvvvvvvvvvvvvvvvvvvvvvvvvvv
tick: 62

   6               
   5       * X     
   4    XXXX*X     
   3   X*  XX      
   2   X**X    XX  
   1   X**    X  X 
   0    **     XX  
   9     * *       
   8     XX        
   7               
   6               
 XX5               
 XX4         XX    
   3       XX X    
   2       XX      
   1       XX X    
789+123456789XX2345
   9               
^^^^^^^^^^^^^^^^^^^^^^^^^^^^^^^^^^^^^^^^^^^^^^^^^^^^^^^^^^^^^^^^^^^^^^^^^^^^^^^^


vvvvvvvvvvvvvvvvvvvvvvvvvvvvvvvvvvvvvvvvvvvvvvvvvvvvvvvvvvvvvvvvvvvvvvvvvvvvvvvv
tick: 63

   6               
   5     XX X*     
   4    XXXX X     
   3   X   *X      
   2  XXX *X   XX  
   1   *      X  X 
   0           XX  
   9               
   8     **        
   7               
   6               
 XX5               
 XX4        XXX    
   3       X* X    
   2      X**      
   1       X* X    
789+12345678XXX2345
   9               
^^^^^^^^^^^^^^^^^^^^^^^^^^^^^^^^^^^^^^^^^^^^^^^^^^^^^^^^^^^^^^^^^^^^^^^^^^^^^^^^


vvvvvvvvvvvvvvvvvvvvvvvvvvvvvvvvvvvvvvvvvvvvvvvvvvvvvvvvvvvvvvvvvvvvvvvvvvvvvvvv
tick: 64

   6               
   5    X** X      
   4    X*** X     
   3  X*    X      
   2  XXX  *   XX  
   1   X      X  X 
   0           XX  
   9               
   8               
   7               
   6               
 XX5         X     
 XX4        XXX    
   3       XX X    
   2      XX       
   1       XX X    
789+12345678XXX2345
   9         X     
   8               
^^^^^^^^^^^^^^^^^^^^^^^^^^^^^^^^^^^^^^^^^^^^^^^^^^^^^^^^^^^^^^^^^^^^^^^^^^^^^^^^

